<?xml version="1.0" encoding="UTF-8"?>
<!-- Generated by org.testng.reporters.JUnitReportReporter -->
<testsuite skipped="0" hostname="pradhanssingh" name="testclasses.TestNG_DataProvider" tests="3" failures="0" timestamp="25 Apr 2020 09:38:35 GMT" time="0.020" errors="0">
  <testcase name="test" time="0.002" classname="testclasses.TestNG_DataProvider"/>
  <testcase name="test" time="0.016" classname="testclasses.TestNG_DataProvider"/>
  <testcase name="test" time="0.002" classname="testclasses.TestNG_DataProvider"/>
</testsuite> <!-- testclasses.TestNG_DataProvider -->
