<?xml version="1.0" encoding="UTF-8"?>
<!-- Generated by org.testng.reporters.JUnitReportReporter -->
<testsuite skipped="0" hostname="pradhanssingh" name="regressionsuite.TestNG_TestClass1" tests="2" failures="0" timestamp="21 Jun 2020 13:59:56 GMT" time="0.012" errors="0">
  <testcase name="testMethod1" time="0.008" classname="regressionsuite.TestNG_TestClass1"/>
  <testcase name="testMethod2" time="0.004" classname="regressionsuite.TestNG_TestClass1"/>
</testsuite> <!-- regressionsuite.TestNG_TestClass1 -->
