<?xml version="1.0" encoding="UTF-8"?>
<!-- Generated by org.testng.reporters.JUnitReportReporter -->
<testsuite skipped="0" hostname="pradhanssingh" name="testclasses.TestNG_Preserve1" tests="2" failures="0" timestamp="21 Jun 2020 14:07:31 GMT" time="0.012" errors="0">
  <testcase name="testMethod2" time="0.000" classname="testclasses.TestNG_Preserve1"/>
  <testcase name="testMethod1" time="0.012" classname="testclasses.TestNG_Preserve1"/>
</testsuite> <!-- testclasses.TestNG_Preserve1 -->
