<?xml version="1.0" encoding="UTF-8"?>
<!-- Generated by org.testng.reporters.JUnitReportReporter -->
<testsuite skipped="0" hostname="pradhanssingh" name="testclasses.TestNG_TestParameters" tests="1" failures="0" timestamp="21 Jun 2020 17:07:02 GMT" time="0.003" errors="0">
  <testcase name="testMethod1" time="0.003" classname="testclasses.TestNG_TestParameters"/>
</testsuite> <!-- testclasses.TestNG_TestParameters -->
