<?xml version="1.0" encoding="UTF-8"?>
<!-- Generated by org.testng.reporters.JUnitReportReporter -->
<testsuite skipped="0" hostname="pradhanssingh" name="testclasses.TestNG_TestClass1" tests="2" failures="0" timestamp="24 Apr 2020 16:04:19 GMT" time="0.009" errors="0">
  <testcase name="testMethod1" time="0.007" classname="testclasses.TestNG_TestClass1"/>
  <testcase name="testMethod2" time="0.002" classname="testclasses.TestNG_TestClass1"/>
</testsuite> <!-- testclasses.TestNG_TestClass1 -->
