<?xml version="1.0" encoding="UTF-8"?>
<!-- Generated by org.testng.reporters.JUnitReportReporter -->
<testsuite skipped="0" hostname="pradhanssingh" name="testclasses.TestNG_TestParallel2" tests="2" failures="0" timestamp="21 Jun 2020 17:06:06 GMT" time="12.017" errors="0">
  <testcase name="testMethod2" time="6.009" classname="testclasses.TestNG_TestParallel2"/>
  <testcase name="testMethod1" time="6.008" classname="testclasses.TestNG_TestParallel2"/>
</testsuite> <!-- testclasses.TestNG_TestParallel2 -->
