<?xml version="1.0" encoding="UTF-8"?>
<!-- Generated by org.testng.reporters.JUnitReportReporter -->
<testsuite skipped="0" hostname="pradhanssingh" name="base.BaseTestSuite" tests="1" failures="0" timestamp="21 Jun 2020 10:18:47 GMT" time="0.004" errors="0">
  <testcase name="test" time="0.004" classname="base.BaseTestSuite"/>
</testsuite> <!-- base.BaseTestSuite -->
