<?xml version="1.0" encoding="UTF-8"?>
<!-- Generated by org.testng.reporters.JUnitReportReporter -->
<testsuite skipped="0" hostname="pradhanssingh" name="keysPress.KeyPress" tests="1" failures="0" timestamp="20 Jun 2020 17:33:25 GMT" time="44.305" errors="0">
  <testcase name="keyPress" time="44.305" classname="keysPress.KeyPress"/>
</testsuite> <!-- keysPress.KeyPress -->
