<?xml version="1.0" encoding="UTF-8"?>
<!-- Generated by org.testng.reporters.JUnitReportReporter -->
<testsuite skipped="0" hostname="pradhanssingh" name="actionsclass.DragAndDrop" tests="2" failures="0" timestamp="20 Jun 2020 07:20:41 GMT" time="34.603" errors="0">
  <testcase name="method2" time="16.663" classname="actionsclass.DragAndDrop"/>
  <testcase name="method1" time="17.940" classname="actionsclass.DragAndDrop"/>
</testsuite> <!-- actionsclass.DragAndDrop -->
