<?xml version="1.0" encoding="UTF-8"?>
<!-- Generated by org.testng.reporters.JUnitReportReporter -->
<testsuite skipped="0" hostname="pradhanssingh" name="locatingElements.AutocompleteGoibibo" tests="1" failures="0" timestamp="21 Jun 2020 05:08:45 GMT" time="38.947" errors="0">
  <testcase name="test" time="38.947" classname="locatingElements.AutocompleteGoibibo"/>
</testsuite> <!-- locatingElements.AutocompleteGoibibo -->
