<?xml version="1.0" encoding="UTF-8"?>
<!-- Generated by org.testng.reporters.JUnitReportReporter -->
<testsuite skipped="0" hostname="pradhanssingh" name="fileupload.WindowsAuthentication" tests="1" failures="0" timestamp="26 Apr 2020 12:09:58 GMT" time="0.027" errors="0">
  <testcase name="loginPage" time="0.027" classname="fileupload.WindowsAuthentication"/>
</testsuite> <!-- fileupload.WindowsAuthentication -->
