<?xml version="1.0" encoding="UTF-8"?>
<!-- Generated by org.testng.reporters.JUnitReportReporter -->
<testsuite skipped="0" hostname="pradhanssingh" name="locatingElements.RadioButtonsAndCheckBoxes" tests="1" failures="0" timestamp="21 Jun 2020 07:27:27 GMT" time="69.358" errors="0">
  <testcase name="test" time="69.358" classname="locatingElements.RadioButtonsAndCheckBoxes"/>
</testsuite> <!-- locatingElements.RadioButtonsAndCheckBoxes -->
