<?xml version="1.0" encoding="UTF-8"?>
<!-- Generated by org.testng.reporters.JUnitReportReporter -->
<testsuite skipped="0" hostname="pradhanssingh" name="extentreportse.LoginTest" tests="1" failures="0" timestamp="20 Jun 2020 11:32:40 GMT" time="29.474" errors="0">
  <testcase name="loginPage" time="29.474" classname="extentreportse.LoginTest"/>
</testsuite> <!-- extentreportse.LoginTest -->
