<?xml version="1.0" encoding="UTF-8"?>
<!-- Generated by org.testng.reporters.JUnitReportReporter -->
<testsuite skipped="0" hostname="pradhanssingh" name="fileupload.FileUpload" tests="1" failures="0" timestamp="26 Apr 2020 07:17:23 GMT" time="23.258" errors="0">
  <testcase name="loginPage" time="23.258" classname="fileupload.FileUpload"/>
</testsuite> <!-- fileupload.FileUpload -->
