<?xml version="1.0" encoding="UTF-8"?>
<!-- Generated by org.testng.reporters.JUnitReportReporter -->
<testsuite skipped="0" hostname="pradhanssingh" name="actionsclass.SliderActoins" tests="1" failures="0" timestamp="20 Jun 2020 07:44:49 GMT" time="20.209" errors="0">
  <testcase name="slider" time="20.209" classname="actionsclass.SliderActoins"/>
</testsuite> <!-- actionsclass.SliderActoins -->
