<?xml version="1.0" encoding="UTF-8"?>
<!-- Generated by org.testng.reporters.JUnitReportReporter -->
<testsuite skipped="0" hostname="pradhanssingh" name="extentreportse.Test2" tests="2" failures="0" timestamp="22 May 2020 13:28:11 GMT" time="0.008" errors="0">
  <testcase name="testmethod1" time="0.008" classname="extentreportse.Test2"/>
  <testcase name="testmethod2" time="0.000" classname="extentreportse.Test2"/>
</testsuite> <!-- extentreportse.Test2 -->
