<?xml version="1.0" encoding="UTF-8"?>
<!-- Generated by org.testng.reporters.JUnitReportReporter -->
<testsuite skipped="0" hostname="pradhanssingh" name="locatingElements.DropdownSelect" tests="1" failures="0" timestamp="21 Jun 2020 05:36:44 GMT" time="1.029" errors="0">
  <testcase name="test" time="1.029" classname="locatingElements.DropdownSelect"/>
</testsuite> <!-- locatingElements.DropdownSelect -->
