<?xml version="1.0" encoding="UTF-8"?>
<!-- Generated by org.testng.reporters.JUnitReportReporter -->
<testsuite skipped="0" hostname="pradhanssingh" name="test.AttachFile" tests="2" failures="0" timestamp="10 May 2020 08:11:33 GMT" time="27.636" errors="0">
  <testcase name="attachFile" time="11.972" classname="test.AttachFile"/>
  <testcase name="attachFile2" time="15.664" classname="test.AttachFile"/>
</testsuite> <!-- test.AttachFile -->
