<?xml version="1.0" encoding="UTF-8"?>
<!-- Generated by org.testng.reporters.JUnitReportReporter -->
<testsuite skipped="0" hostname="pradhanssingh" name="extentreportse.FacebookLogin" tests="1" failures="0" timestamp="25 Apr 2020 09:30:18 GMT" time="4.748" errors="0">
  <testcase name="loginPage" time="4.748" classname="extentreportse.FacebookLogin"/>
</testsuite> <!-- extentreportse.FacebookLogin -->
