<?xml version="1.0" encoding="UTF-8"?>
<!-- Generated by org.testng.reporters.JUnitReportReporter -->
<testsuite skipped="0" hostname="pradhanssingh" name="webdrivereventlistener.WDEListeners" tests="1" failures="0" timestamp="21 Jun 2020 10:10:02 GMT" time="27.047" errors="0">
  <testcase name="test" time="27.047" classname="webdrivereventlistener.WDEListeners"/>
</testsuite> <!-- webdrivereventlistener.WDEListeners -->
