<?xml version="1.0" encoding="UTF-8"?>
<!-- Generated by org.testng.reporters.JUnitReportReporter -->
<testsuite skipped="0" hostname="pradhanssingh" name="extentreportsexamples.SeleniumLoginTestWithScreenshot" tests="1" failures="0" timestamp="25 Apr 2020 04:47:21 GMT" time="17.347" errors="0">
  <testcase name="loginPage" time="17.347" classname="extentreportsexamples.SeleniumLoginTestWithScreenshot"/>
</testsuite> <!-- extentreportsexamples.SeleniumLoginTestWithScreenshot -->
