<?xml version="1.0" encoding="UTF-8"?>
<!-- Generated by org.testng.reporters.JUnitReportReporter -->
<testsuite skipped="0" hostname="pradhanssingh" name="com.nt.test.FlightBookingTest" tests="6" failures="0" timestamp="2020-05-22T23:46:04 IST" time="13.620" errors="0">
  <testcase name="loginToSite" time="3.342" classname="com.nt.test.FlightBookingTest"/>
  <system-out/>
  <testcase name="bookingDetails" time="1.848" classname="com.nt.test.FlightBookingTest"/>
  <system-out/>
  <testcase name="FlightSelection" time="1.359" classname="com.nt.test.FlightBookingTest"/>
  <system-out/>
  <testcase name="passengerDetails" time="1.978" classname="com.nt.test.FlightBookingTest"/>
  <system-out/>
  <testcase name="billAddressDetails" time="1.109" classname="com.nt.test.FlightBookingTest"/>
  <system-out/>
  <testcase name="delAddressDetails" time="3.984" classname="com.nt.test.FlightBookingTest"/>
  <system-out/>
</testsuite> <!-- com.nt.test.FlightBookingTest -->
