<?xml version="1.0" encoding="UTF-8"?>
<!-- Generated by org.testng.reporters.JUnitReportReporter -->
<testsuite skipped="0" hostname="pradhanssingh" name="com.nt.test.BillingPageTest" tests="1" failures="0" timestamp="17 May 2020 16:43:38 GMT" time="49.041" errors="0">
  <testcase name="test" time="49.041" classname="com.nt.test.BillingPageTest"/>
</testsuite> <!-- com.nt.test.BillingPageTest -->
