<?xml version="1.0" encoding="UTF-8"?>
<!-- Generated by org.testng.reporters.JUnitReportReporter -->
<testsuite skipped="0" hostname="pradhanssingh" name="com.nt.test.LoginPageTest" tests="3" failures="0" timestamp="17 May 2020 16:45:11 GMT" time="32.261" errors="0">
  <testcase name="pageTitleTest" time="7.950" classname="com.nt.test.LoginPageTest"/>
  <testcase name="arubaImageTest" time="8.076" classname="com.nt.test.LoginPageTest"/>
  <testcase name="loginTest" time="16.235" classname="com.nt.test.LoginPageTest"/>
</testsuite> <!-- com.nt.test.LoginPageTest -->
