<?xml version="1.0" encoding="UTF-8"?>
<!-- Generated by org.testng.reporters.JUnitReportReporter -->
<testsuite skipped="0" hostname="pradhanssingh" name="com.nt.test.FlightsPageTest" tests="2" failures="0" timestamp="17 May 2020 16:43:38 GMT" time="37.945" errors="0">
  <testcase name="fligtFinderImageTest" time="17.534" classname="com.nt.test.FlightsPageTest"/>
  <testcase name="fillingDetails" time="20.411" classname="com.nt.test.FlightsPageTest"/>
</testsuite> <!-- com.nt.test.FlightsPageTest -->
