<?xml version="1.0" encoding="UTF-8"?>
<!-- Generated by org.testng.reporters.JUnitReportReporter -->
<testsuite skipped="0" hostname="pradhanssingh" name="com.nt.test.SelectFlightTest" tests="1" failures="0" timestamp="17 May 2020 11:37:45 GMT" time="16.083" errors="0">
  <testcase name="test" time="16.083" classname="com.nt.test.SelectFlightTest"/>
</testsuite> <!-- com.nt.test.SelectFlightTest -->
