<?xml version="1.0" encoding="UTF-8"?>
<!-- Generated by org.testng.reporters.JUnitReportReporter -->
<testsuite skipped="0" hostname="pradhanssingh" name="selenium.ExplicitWait" tests="1" failures="0" timestamp="11 May 2020 05:28:23 GMT" time="10.735" errors="0">
  <testcase name="test" time="10.735" classname="selenium.ExplicitWait"/>
</testsuite> <!-- selenium.ExplicitWait -->
