<?xml version="1.0" encoding="UTF-8"?>
<!-- Generated by org.testng.reporters.JUnitReportReporter -->
<testsuite skipped="0" hostname="pradhanssingh" name="naveen.ExplicitWait" tests="1" failures="0" timestamp="13 May 2020 05:39:52 GMT" time="9.129" errors="0">
  <testcase name="test" time="9.129" classname="naveen.ExplicitWait"/>
</testsuite> <!-- naveen.ExplicitWait -->
