<?xml version="1.0" encoding="UTF-8"?>
<!-- Generated by org.testng.reporters.JUnitReportReporter -->
<testsuite skipped="0" hostname="pradhanssingh" name="selenium.AllLinks" tests="1" failures="0" timestamp="08 May 2020 11:29:17 GMT" time="2.196" errors="0">
  <testcase name="links" time="2.196" classname="selenium.AllLinks"/>
</testsuite> <!-- selenium.AllLinks -->
